<?xml version="1.0" encoding="UTF-8"?>
<!-- Generated by org.testng.reporters.JUnitReportReporter -->
<testsuite skipped="0" hostname="Bhavani-PC" name="com.selenium.Sample" tests="1" failures="0" timestamp="2019-09-15T19:24:28 IST" time="56.140" errors="0">
  <testcase name="checkingData" time="56.140" classname="com.selenium.Sample"/>
</testsuite> <!-- com.selenium.Sample -->
